<?xml version="1.0" encoding="UTF-8"?>
<!-- Generated by org.testng.reporters.JUnitXMLReporter -->
<testsuite ignored="4" hostname="Karthick" failures="0" tests="3" name="Buy products Test" time="24.251" errors="0" timestamp="2024-08-12T16:54:03 IST">
  <testcase classname="tests.HomePageTest" name="addProductTest" time="8.308"/>
  <testcase classname="tests.CartProductsPageTest" name="cashOnDeliveryTest" time="0.183"/>
  <testcase classname="tests.CashoutPageTest" name="cashOnDeliveryTest" time="6.635"/>
  <testcase classname="testEngine.TestEngineClass" name="@BeforeTest openBroswer" time="0.0">
    <ignored/>
  </testcase> <!-- @BeforeTest openBroswer -->
  <testcase classname="testEngine.TestEngineClass" name="@BeforeTest openBroswer" time="0.0">
    <ignored/>
  </testcase> <!-- @BeforeTest openBroswer -->
  <testcase classname="testEngine.TestEngineClass" name="@AfterTest closeBrowser" time="0.0">
    <ignored/>
  </testcase> <!-- @AfterTest closeBrowser -->
  <testcase classname="testEngine.TestEngineClass" name="@AfterTest closeBrowser" time="0.0">
    <ignored/>
  </testcase> <!-- @AfterTest closeBrowser -->
</testsuite> <!-- Buy products Test -->
