<?xml version="1.0" encoding="UTF-8"?>
<!-- Generated by org.testng.reporters.JUnitXMLReporter -->
<testsuite ignored="0" hostname="Karthick" failures="2" tests="2" name="Failure Test Case" time="6.986" errors="0" timestamp="2024-08-12T20:41:39 IST">
  <testcase classname="tests.CartFailureTest" name="testCartIconAfterRemovingProduct" time="5.136">
    <failure type="java.lang.AssertionError" message="Cart icon should display 0 after removing the product expected [0] but found [1]">
      <![CDATA[java.lang.AssertionError: Cart icon should display 0 after removing the product expected [0] but found [1]
at tests.CartFailureTest.testCartIconAfterRemovingProduct(CartFailureTest.java:54)
at java.base/java.util.concurrent.ThreadPoolExecutor.runWorker(ThreadPoolExecutor.java:1144)
at java.base/java.util.concurrent.ThreadPoolExecutor$Worker.run(ThreadPoolExecutor.java:642)
at java.base/java.lang.Thread.run(Thread.java:1570)
... Removed 15 stack frames]]>
    </failure>
  </testcase> <!-- testCartIconAfterRemovingProduct -->
  <testcase classname="tests.CartFailureTest" name="testCartIconAfterRemovingProduct" time="5.141">
    <failure type="java.lang.NullPointerException" message="Cannot invoke &amp;quot;org.openqa.selenium.TakesScreenshot.getScreenshotAs(org.openqa.selenium.OutputType)&amp;quot; because &amp;quot;driver&amp;quot; is null">
      <![CDATA[java.lang.NullPointerException: Cannot invoke "org.openqa.selenium.TakesScreenshot.getScreenshotAs(org.openqa.selenium.OutputType)" because "driver" is null
at util.Listener.onTestFailure(Listener.java:49)
at java.base/java.util.concurrent.ThreadPoolExecutor.runWorker(ThreadPoolExecutor.java:1144)
at java.base/java.util.concurrent.ThreadPoolExecutor$Worker.run(ThreadPoolExecutor.java:642)
at java.base/java.lang.Thread.run(Thread.java:1570)
... Removed 9 stack frames]]>
    </failure>
  </testcase> <!-- testCartIconAfterRemovingProduct -->
</testsuite> <!-- Failure Test Case -->
