<?xml version="1.0" encoding="UTF-8"?>
<testng-results ignored="4" total="7" passed="3" failed="0" skipped="0">
  <reporter-output>
  </reporter-output>
  <suite started-at="2024-08-12T16:53:38 IST" name="Test Suite" finished-at="2024-08-12T16:54:03 IST" duration-ms="24251">
    <groups>
    </groups>
    <test started-at="2024-08-12T16:53:38 IST" name="Buy products Test" finished-at="2024-08-12T16:54:03 IST" duration-ms="24251">
      <class name="tests.HomePageTest">
        <test-method is-config="true" signature="openBroswer()[pri:0, instance:tests.HomePageTest@15043a2f]" started-at="2024-08-12T16:53:39 IST" name="openBroswer" finished-at="2024-08-12T16:53:48 IST" duration-ms="9081" status="PASS">
          <reporter-output>
          </reporter-output>
        </test-method> <!-- openBroswer -->
        <test-method signature="addProductTest()[pri:0, instance:tests.HomePageTest@15043a2f]" started-at="2024-08-12T16:53:48 IST" name="addProductTest" finished-at="2024-08-12T16:53:56 IST" duration-ms="8308" status="PASS">
          <reporter-output>
          </reporter-output>
        </test-method> <!-- addProductTest -->
        <test-method is-config="true" signature="closeBrowser()[pri:0, instance:tests.HomePageTest@15043a2f]" started-at="2024-08-12T16:54:03 IST" name="closeBrowser" finished-at="2024-08-12T16:54:03 IST" duration-ms="0" status="PASS">
          <reporter-output>
          </reporter-output>
        </test-method> <!-- closeBrowser -->
      </class> <!-- tests.HomePageTest -->
      <class name="tests.CartProductsPageTest">
        <test-method signature="cashOnDeliveryTest()[pri:0, instance:tests.CartProductsPageTest@4a83a74a]" started-at="2024-08-12T16:53:56 IST" name="cashOnDeliveryTest" finished-at="2024-08-12T16:53:56 IST" duration-ms="183" status="PASS">
          <reporter-output>
          </reporter-output>
        </test-method> <!-- cashOnDeliveryTest -->
      </class> <!-- tests.CartProductsPageTest -->
      <class name="tests.CashoutPageTest">
        <test-method signature="cashOnDeliveryTest()[pri:0, instance:tests.CashoutPageTest@1349883]" started-at="2024-08-12T16:53:56 IST" name="cashOnDeliveryTest" finished-at="2024-08-12T16:54:03 IST" duration-ms="6635" status="PASS">
          <reporter-output>
          </reporter-output>
        </test-method> <!-- cashOnDeliveryTest -->
      </class> <!-- tests.CashoutPageTest -->
    </test> <!-- Buy products Test -->
  </suite> <!-- Test Suite -->
</testng-results>
