<?xml version="1.0" encoding="UTF-8"?>
<testng-results ignored="4" total="9" passed="5" failed="0" skipped="0">
  <reporter-output>
  </reporter-output>
  <suite started-at="2024-08-12T16:21:22 IST" name="Test Suite" finished-at="2024-08-12T16:22:15 IST" duration-ms="53118">
    <groups>
    </groups>
    <test started-at="2024-08-12T16:21:22 IST" name="Login and Signup test" finished-at="2024-08-12T16:21:40 IST" duration-ms="18053">
      <class name="tests.LoginPageTest">
        <test-method is-config="true" signature="openBroswer()[pri:0, instance:tests.LoginPageTest@1a942c18]" started-at="2024-08-12T16:21:22 IST" name="openBroswer" finished-at="2024-08-12T16:21:30 IST" duration-ms="8438" status="PASS">
          <reporter-output>
          </reporter-output>
        </test-method> <!-- openBroswer -->
        <test-method signature="loginTest()[pri:0, instance:tests.LoginPageTest@1a942c18]" started-at="2024-08-12T16:21:30 IST" name="loginTest" finished-at="2024-08-12T16:21:39 IST" duration-ms="9111" status="PASS">
          <reporter-output>
          </reporter-output>
        </test-method> <!-- loginTest -->
        <test-method is-config="true" signature="closeBrowser()[pri:0, instance:tests.LoginPageTest@1a942c18]" started-at="2024-08-12T16:21:39 IST" name="closeBrowser" finished-at="2024-08-12T16:21:40 IST" duration-ms="375" status="PASS">
          <reporter-output>
          </reporter-output>
        </test-method> <!-- closeBrowser -->
      </class> <!-- tests.LoginPageTest -->
    </test> <!-- Login and Signup test -->
    <test started-at="2024-08-12T16:21:40 IST" name="Signup test" finished-at="2024-08-12T16:21:56 IST" duration-ms="16041">
      <class name="tests.SignupPageTest">
        <test-method is-config="true" signature="openBroswer()[pri:0, instance:tests.SignupPageTest@4b013c76]" started-at="2024-08-12T16:21:40 IST" name="openBroswer" finished-at="2024-08-12T16:21:42 IST" duration-ms="2472" status="PASS">
          <reporter-output>
          </reporter-output>
        </test-method> <!-- openBroswer -->
        <test-method signature="signupTest()[pri:0, instance:tests.SignupPageTest@4b013c76]" started-at="2024-08-12T16:21:42 IST" name="signupTest" finished-at="2024-08-12T16:21:56 IST" duration-ms="13276" status="PASS">
          <reporter-output>
          </reporter-output>
        </test-method> <!-- signupTest -->
        <test-method is-config="true" signature="closeBrowser()[pri:0, instance:tests.SignupPageTest@4b013c76]" started-at="2024-08-12T16:21:56 IST" name="closeBrowser" finished-at="2024-08-12T16:21:56 IST" duration-ms="293" status="PASS">
          <reporter-output>
          </reporter-output>
        </test-method> <!-- closeBrowser -->
      </class> <!-- tests.SignupPageTest -->
    </test> <!-- Signup test -->
    <test started-at="2024-08-12T16:21:56 IST" name="Buy products Test" finished-at="2024-08-12T16:22:15 IST" duration-ms="18978">
      <class name="tests.HomePageTest">
        <test-method is-config="true" signature="openBroswer()[pri:0, instance:tests.HomePageTest@1349883]" started-at="2024-08-12T16:21:56 IST" name="openBroswer" finished-at="2024-08-12T16:21:59 IST" duration-ms="3272" status="PASS">
          <reporter-output>
          </reporter-output>
        </test-method> <!-- openBroswer -->
        <test-method signature="addProductTest()[pri:0, instance:tests.HomePageTest@1349883]" started-at="2024-08-12T16:21:59 IST" name="addProductTest" finished-at="2024-08-12T16:22:08 IST" duration-ms="8499" status="PASS">
          <reporter-output>
          </reporter-output>
        </test-method> <!-- addProductTest -->
        <test-method is-config="true" signature="closeBrowser()[pri:0, instance:tests.HomePageTest@1349883]" started-at="2024-08-12T16:22:15 IST" name="closeBrowser" finished-at="2024-08-12T16:22:15 IST" duration-ms="237" status="PASS">
          <reporter-output>
          </reporter-output>
        </test-method> <!-- closeBrowser -->
      </class> <!-- tests.HomePageTest -->
      <class name="tests.CartProductsPageTest">
        <test-method signature="cashOnDeliveryTest()[pri:0, instance:tests.CartProductsPageTest@4b29d1d2]" started-at="2024-08-12T16:22:08 IST" name="cashOnDeliveryTest" finished-at="2024-08-12T16:22:08 IST" duration-ms="199" status="PASS">
          <reporter-output>
          </reporter-output>
        </test-method> <!-- cashOnDeliveryTest -->
      </class> <!-- tests.CartProductsPageTest -->
      <class name="tests.CashoutPageTest">
        <test-method signature="cashOnDeliveryTest()[pri:0, instance:tests.CashoutPageTest@7f485fda]" started-at="2024-08-12T16:22:08 IST" name="cashOnDeliveryTest" finished-at="2024-08-12T16:22:15 IST" duration-ms="6755" status="PASS">
          <reporter-output>
          </reporter-output>
        </test-method> <!-- cashOnDeliveryTest -->
      </class> <!-- tests.CashoutPageTest -->
    </test> <!-- Buy products Test -->
  </suite> <!-- Test Suite -->
</testng-results>
